<?xml version="1.0" encoding="UTF-8"?>
<testsuite xmlns:xsi="http://www.w3.org/2001/XMLSchema-instance" xsi:noNamespaceSchemaLocation="https://maven.apache.org/surefire/maven-surefire-plugin/xsd/surefire-test-report-3.0.xsd" version="3.0" name="com.tungphongdo.SpringAwsMicroservice2ApplicationTests" time="1.441" tests="1" errors="0" skipped="0" failures="0">
  <properties>
[...]
</properties>
  <testcase name="contextLoads" classname="com.tungphongdo.SpringAwsMicroservice2ApplicationTests" time="0.491">
    <system-out><![CDATA[21:28:49.210 [main] INFO org.springframework.test.context.support.AnnotationConfigContextLoaderUtils -- Could not detect default configuration classes for test class [com.tungphongdo.SpringAwsMicroservice2ApplicationTests]: SpringAwsMicroservice2ApplicationTests does not declare any static, non-private, non-final, nested classes annotated with @Configuration.
21:28:49.255 [main] INFO org.springframework.boot.test.context.SpringBootTestContextBootstrapper -- Found @SpringBootConfiguration com.tungphongdo.SpringAwsMicroservice2Application for test class com.tungphongdo.SpringAwsMicroservice2ApplicationTests

  .   ____          _            __ _ _
 /\\ / ___'_ __ _ _(_)_ __  __ _ \ \ \ \
( ( )\___ | '_ | '_| | '_ \/ _` | \ \ \ \
 \\/  ___)| |_)| | | | | || (_| |  ) ) ) )
  '  |____| .__|_| |_|_| |_\__, | / / / /
 =========|_|==============|___/=/_/_/_/
 :: Spring Boot ::                (v3.1.4)

2023-10-29T21:28:49.475+07:00  INFO 17824 --- [           main] t.SpringAwsMicroservice2ApplicationTests : Starting SpringAwsMicroservice2ApplicationTests using Java 17.0.8 with PID 17824 (started by m1 in /Users/m1/Documents/Learn_AWS/Project-demo/spring-aws-microservice2)
2023-10-29T21:28:49.476+07:00  INFO 17824 --- [           main] t.SpringAwsMicroservice2ApplicationTests : No active profile set, falling back to 1 default profile: "default"
2023-10-29T21:28:50.061+07:00  INFO 17824 --- [           main] t.SpringAwsMicroservice2ApplicationTests : Started SpringAwsMicroservice2ApplicationTests in 0.724 seconds (process running for 1.172)
]]></system-out>
  </testcase>
</testsuite>